e:\floppa war\floppa war\x64\debug\vc143.pdb
e:\floppa war\floppa war\x64\debug\vc143.idb
e:\floppa war\floppa war\x64\debug\viewer.obj
e:\floppa war\floppa war\x64\debug\tipoproyectilviewer.obj
e:\floppa war\floppa war\x64\debug\mapamodel.obj
e:\floppa war\floppa war\x64\debug\personajesviewer.obj
e:\floppa war\floppa war\x64\debug\personajemodel.obj
e:\floppa war\floppa war\x64\debug\model.obj
e:\floppa war\floppa war\x64\debug\mapaviewer.obj
e:\floppa war\floppa war\x64\debug\main.obj
e:\floppa war\floppa war\x64\debug\entidadviewer.obj
e:\floppa war\floppa war\x64\debug\entidadmodel.obj
e:\floppa war\floppa war\x64\debug\enemigomodel.obj
e:\floppa war\floppa war\x64\debug\controller.obj
e:\floppa war\floppa war\x64\debug\boton.obj
e:\floppa war\floppa war\x64\debug\armasviewer.obj
e:\floppa war\floppa war\x64\debug\armamodel.obj
e:\floppa war\floppa war\x64\debug\menus.obj
e:\floppa war\floppa war\x64\debug\enemigoviewer.obj
e:\floppa war\x64\debug\floppa war.exe
e:\floppa war\floppa war\x64\debug\floppa war.ilk
e:\floppa war\x64\debug\floppa war.pdb
e:\floppa war\floppa war\x64\debug\floppa war.tlog\cl.command.1.tlog
e:\floppa war\floppa war\x64\debug\floppa war.tlog\cl.items.tlog
e:\floppa war\floppa war\x64\debug\floppa war.tlog\cl.read.1.tlog
e:\floppa war\floppa war\x64\debug\floppa war.tlog\cl.write.1.tlog
e:\floppa war\floppa war\x64\debug\floppa war.tlog\link.command.1.tlog
e:\floppa war\floppa war\x64\debug\floppa war.tlog\link.read.1.tlog
e:\floppa war\floppa war\x64\debug\floppa war.tlog\link.write.1.tlog
